Performing C SOURCE FILE Test CMAKE_HAVE_LIBC_PTHREAD failed with the following output:
Change Dir: D:/WORK/university2/1-0/NSU3/1-0/build-Lab1-Desktop_x86_windows_msvc2019_pe_64bit-Release/CMakeFiles/CMakeTmp

Run Build Command(s):C:/PROGRA~2/MICROS~3/2019/COMMUN~1/Common7/IDE/COMMON~1/MICROS~1/CMake/Ninja/ninja.exe cmTC_2475f && [1/2] Building C object CMakeFiles\cmTC_2475f.dir\src.c.obj
FAILED: CMakeFiles/cmTC_2475f.dir/src.c.obj 
C:\PROGRA~2\MICROS~3\2019\COMMUN~1\VC\Tools\MSVC\1429~1.301\bin\HostX64\x64\cl.exe  /nologo -DCMAKE_HAVE_LIBC_PTHREAD  /DWIN32 /D_WINDOWS /W3  /MDd /Zi /Ob0 /Od /RTC1 /showIncludes /FoCMakeFiles\cmTC_2475f.dir\src.c.obj /FdCMakeFiles\cmTC_2475f.dir\ /FS -c D:\WORK\university2\1-0\NSU3\1-0\build-Lab1-Desktop_x86_windows_msvc2019_pe_64bit-Release\CMakeFiles\CMakeTmp\src.c
D:\WORK\university2\1-0\NSU3\1-0\build-Lab1-Desktop_x86_windows_msvc2019_pe_64bit-Release\CMakeFiles\CMakeTmp\src.c(1): fatal error C1083: Не удается открыть файл включение: pthread.h: No such file or directory,
ninja: build stopped: subcommand failed.


Source file was:
#include <pthread.h>

static void* test_func(void* data)
{
  return data;
}

int main(void)
{
  pthread_t thread;
  pthread_create(&thread, NULL, test_func, NULL);
  pthread_detach(thread);
  pthread_cancel(thread);
  pthread_join(thread, NULL);
  pthread_atfork(NULL, NULL, NULL);
  pthread_exit(NULL);

  return 0;
}

Determining if the function pthread_create exists in the pthreads failed with the following output:
Change Dir: D:/WORK/university2/1-0/NSU3/1-0/build-Lab1-Desktop_x86_windows_msvc2019_pe_64bit-Release/CMakeFiles/CMakeTmp

Run Build Command(s):C:/PROGRA~2/MICROS~3/2019/COMMUN~1/Common7/IDE/COMMON~1/MICROS~1/CMake/Ninja/ninja.exe cmTC_c4025 && [1/2] Building C object CMakeFiles\cmTC_c4025.dir\CheckFunctionExists.c.obj
[2/2] Linking C executable cmTC_c4025.exe
FAILED: cmTC_c4025.exe 
cmd.exe /C "cd . && D:\QtCreator\Tools\CMake_64\bin\cmake.exe -E vs_link_exe --intdir=CMakeFiles\cmTC_c4025.dir --rc=C:\PROGRA~2\WI3CF2~1\10\bin\100190~1.0\x64\rc.exe --mt=C:\PROGRA~2\WI3CF2~1\10\bin\100190~1.0\x64\mt.exe --manifests  -- C:\PROGRA~2\MICROS~3\2019\COMMUN~1\VC\Tools\MSVC\1429~1.301\bin\Hostx64\x64\link.exe /nologo CMakeFiles\cmTC_c4025.dir\CheckFunctionExists.c.obj  /out:cmTC_c4025.exe /implib:cmTC_c4025.lib /pdb:cmTC_c4025.pdb /version:0.0 /machine:x64  /debug /INCREMENTAL /subsystem:console  pthreads.lib  kernel32.lib user32.lib gdi32.lib winspool.lib shell32.lib ole32.lib oleaut32.lib uuid.lib comdlg32.lib advapi32.lib && cd ."
LINK Pass 1: command "C:\PROGRA~2\MICROS~3\2019\COMMUN~1\VC\Tools\MSVC\1429~1.301\bin\Hostx64\x64\link.exe /nologo CMakeFiles\cmTC_c4025.dir\CheckFunctionExists.c.obj /out:cmTC_c4025.exe /implib:cmTC_c4025.lib /pdb:cmTC_c4025.pdb /version:0.0 /machine:x64 /debug /INCREMENTAL /subsystem:console pthreads.lib kernel32.lib user32.lib gdi32.lib winspool.lib shell32.lib ole32.lib oleaut32.lib uuid.lib comdlg32.lib advapi32.lib /MANIFEST /MANIFESTFILE:CMakeFiles\cmTC_c4025.dir/intermediate.manifest CMakeFiles\cmTC_c4025.dir/manifest.res" failed (exit code 1104) with the following output:
LINK : fatal error LNK1104: не удается открыть файл "pthreads.lib"
ninja: build stopped: subcommand failed.



Determining if the function pthread_create exists in the pthread failed with the following output:
Change Dir: D:/WORK/university2/1-0/NSU3/1-0/build-Lab1-Desktop_x86_windows_msvc2019_pe_64bit-Release/CMakeFiles/CMakeTmp

Run Build Command(s):C:/PROGRA~2/MICROS~3/2019/COMMUN~1/Common7/IDE/COMMON~1/MICROS~1/CMake/Ninja/ninja.exe cmTC_8b42a && [1/2] Building C object CMakeFiles\cmTC_8b42a.dir\CheckFunctionExists.c.obj
[2/2] Linking C executable cmTC_8b42a.exe
FAILED: cmTC_8b42a.exe 
cmd.exe /C "cd . && D:\QtCreator\Tools\CMake_64\bin\cmake.exe -E vs_link_exe --intdir=CMakeFiles\cmTC_8b42a.dir --rc=C:\PROGRA~2\WI3CF2~1\10\bin\100190~1.0\x64\rc.exe --mt=C:\PROGRA~2\WI3CF2~1\10\bin\100190~1.0\x64\mt.exe --manifests  -- C:\PROGRA~2\MICROS~3\2019\COMMUN~1\VC\Tools\MSVC\1429~1.301\bin\Hostx64\x64\link.exe /nologo CMakeFiles\cmTC_8b42a.dir\CheckFunctionExists.c.obj  /out:cmTC_8b42a.exe /implib:cmTC_8b42a.lib /pdb:cmTC_8b42a.pdb /version:0.0 /machine:x64  /debug /INCREMENTAL /subsystem:console  pthread.lib  kernel32.lib user32.lib gdi32.lib winspool.lib shell32.lib ole32.lib oleaut32.lib uuid.lib comdlg32.lib advapi32.lib && cd ."
LINK Pass 1: command "C:\PROGRA~2\MICROS~3\2019\COMMUN~1\VC\Tools\MSVC\1429~1.301\bin\Hostx64\x64\link.exe /nologo CMakeFiles\cmTC_8b42a.dir\CheckFunctionExists.c.obj /out:cmTC_8b42a.exe /implib:cmTC_8b42a.lib /pdb:cmTC_8b42a.pdb /version:0.0 /machine:x64 /debug /INCREMENTAL /subsystem:console pthread.lib kernel32.lib user32.lib gdi32.lib winspool.lib shell32.lib ole32.lib oleaut32.lib uuid.lib comdlg32.lib advapi32.lib /MANIFEST /MANIFESTFILE:CMakeFiles\cmTC_8b42a.dir/intermediate.manifest CMakeFiles\cmTC_8b42a.dir/manifest.res" failed (exit code 1104) with the following output:
LINK : fatal error LNK1104: не удается открыть файл "pthread.lib"
ninja: build stopped: subcommand failed.



